<?xml version="1.0" encoding="UTF-8"?>
<testng-results ignored="0" total="4" passed="3" failed="1" skipped="0">
  <reporter-output>
    <line>
      <![CDATA[Started test Name is : Default test]]>
    </line>
    <line>
      <![CDATA[Started @Test Method Name is : faceBookMethod]]>
    </line>
    <line>
      <![CDATA[Success @Test Method Name is : faceBookMethod]]>
    </line>
    <line>
      <![CDATA[Started @Test Method Name is : googleMethod]]>
    </line>
    <line>
      <![CDATA[Success @Test Method Name is : googleMethod]]>
    </line>
    <line>
      <![CDATA[Started @Test Method Name is : linkedInMethod]]>
    </line>
    <line>
      <![CDATA[Success @Test Method Name is : linkedInMethod]]>
    </line>
    <line>
      <![CDATA[Started @Test Method Name is : method1]]>
    </line>
    <line>
      <![CDATA[Failed @Test Method Name is : method1]]>
    </line>
  </reporter-output>
  <suite started-at="2023-11-27T11:30:06Z" name="Default suite" finished-at="2023-11-27T11:30:51Z" duration-ms="45092">
    <groups>
    </groups>
    <test started-at="2023-11-27T11:30:06Z" name="Default test" finished-at="2023-11-27T11:30:51Z" duration-ms="45092">
      <class name="testNGScript.Example9">
        <test-method signature="faceBookMethod()[pri:0, instance:testNGScript.Example9@1750fbeb]" started-at="2023-11-27T11:30:06Z" name="faceBookMethod" finished-at="2023-11-27T11:30:29Z" duration-ms="22378" status="PASS">
          <reporter-output>
            <line>
              <![CDATA[Started @Test Method Name is : faceBookMethod]]>
            </line>
            <line>
              <![CDATA[Success @Test Method Name is : faceBookMethod]]>
            </line>
          </reporter-output>
        </test-method> <!-- faceBookMethod -->
        <test-method signature="googleMethod()[pri:0, instance:testNGScript.Example9@1750fbeb]" started-at="2023-11-27T11:30:29Z" name="googleMethod" finished-at="2023-11-27T11:30:39Z" duration-ms="10722" status="PASS">
          <reporter-output>
            <line>
              <![CDATA[Started @Test Method Name is : googleMethod]]>
            </line>
            <line>
              <![CDATA[Success @Test Method Name is : googleMethod]]>
            </line>
          </reporter-output>
        </test-method> <!-- googleMethod -->
        <test-method signature="linkedInMethod()[pri:0, instance:testNGScript.Example9@1750fbeb]" started-at="2023-11-27T11:30:39Z" name="linkedInMethod" finished-at="2023-11-27T11:30:51Z" duration-ms="11854" status="PASS">
          <reporter-output>
            <line>
              <![CDATA[Started @Test Method Name is : linkedInMethod]]>
            </line>
            <line>
              <![CDATA[Success @Test Method Name is : linkedInMethod]]>
            </line>
          </reporter-output>
        </test-method> <!-- linkedInMethod -->
        <test-method signature="method1()[pri:0, instance:testNGScript.Example9@1750fbeb]" started-at="2023-11-27T11:30:51Z" name="method1" finished-at="2023-11-27T11:30:51Z" duration-ms="9" status="FAIL">
          <exception class="java.lang.AssertionError">
            <message>
              <![CDATA[null]]>
            </message>
            <full-stacktrace>
              <![CDATA[java.lang.AssertionError: null
at org.testng.Assert.fail(Assert.java:96)
at org.testng.Assert.fail(Assert.java:103)
at testNGScript.Example9.method1(Example9.java:30)
at java.base/jdk.internal.reflect.NativeMethodAccessorImpl.invoke0(Native Method)
at java.base/jdk.internal.reflect.NativeMethodAccessorImpl.invoke(NativeMethodAccessorImpl.java:77)
at java.base/jdk.internal.reflect.DelegatingMethodAccessorImpl.invoke(DelegatingMethodAccessorImpl.java:43)
at java.base/java.lang.reflect.Method.invoke(Method.java:568)
at org.testng.internal.MethodInvocationHelper.invokeMethod(MethodInvocationHelper.java:124)
at org.testng.internal.Invoker.invokeMethod(Invoker.java:583)
at org.testng.internal.Invoker.invokeTestMethod(Invoker.java:719)
at org.testng.internal.Invoker.invokeTestMethods(Invoker.java:989)
at org.testng.internal.TestMethodWorker.invokeTestMethods(TestMethodWorker.java:125)
at org.testng.internal.TestMethodWorker.run(TestMethodWorker.java:109)
at org.testng.TestRunner.privateRun(TestRunner.java:648)
at org.testng.TestRunner.run(TestRunner.java:505)
at org.testng.SuiteRunner.runTest(SuiteRunner.java:455)
at org.testng.SuiteRunner.runSequentially(SuiteRunner.java:450)
at org.testng.SuiteRunner.privateRun(SuiteRunner.java:415)
at org.testng.SuiteRunner.run(SuiteRunner.java:364)
at org.testng.SuiteRunnerWorker.runSuite(SuiteRunnerWorker.java:52)
at org.testng.SuiteRunnerWorker.run(SuiteRunnerWorker.java:84)
at org.testng.TestNG.runSuitesSequentially(TestNG.java:1208)
at org.testng.TestNG.runSuitesLocally(TestNG.java:1137)
at org.testng.TestNG.runSuites(TestNG.java:1049)
at org.testng.TestNG.run(TestNG.java:1017)
at org.testng.remote.AbstractRemoteTestNG.run(AbstractRemoteTestNG.java:115)
at org.testng.remote.RemoteTestNG.initAndRun(RemoteTestNG.java:251)
at org.testng.remote.RemoteTestNG.main(RemoteTestNG.java:77)
]]>
            </full-stacktrace>
          </exception> <!-- java.lang.AssertionError -->
          <reporter-output>
            <line>
              <![CDATA[Started @Test Method Name is : method1]]>
            </line>
            <line>
              <![CDATA[Failed @Test Method Name is : method1]]>
            </line>
          </reporter-output>
        </test-method> <!-- method1 -->
      </class> <!-- testNGScript.Example9 -->
    </test> <!-- Default test -->
  </suite> <!-- Default suite -->
</testng-results>
